Mplus VERSION 7.11
MUTHEN & MUTHEN
03/17/2021   3:06 PM

INPUT INSTRUCTIONS

  TITLE: SEM With Multiple Two-Way Interaction

  DATA:
  FILE = "K:\Research Studies\MultiTwo-WayInter\Data\data_mulInt_mplus.dat";

  VARIABLE:
  NAMES ARE
  ID  y1 - y30;

  USEVARIABLES ARE
  y1 - y30;

  ANALYSIS: TYPE = RANDOM;
            ALGORITHM = INTEGRATION;


    MODEL: F1 BY y1@0.91 y2@0.76 y3@0.72 y4@0.53 y5@0.48;
           F2 BY y6@0.88 y7@0.88 y8@0.85 y9@0.65 y10@0.64;
           F3 BY y11@0.79 y12@0.75 y13@0.58 y14@0.52 y15@0.57;
           F4 BY y16@0.75 y17@0.64 y18@0.72 y19@0.47 y20@0.50;
           F5 BY y21@0.70 y22@0.76 y23@0.68 y24@0.81 y25@0.83;
           F6 BY y26@0.65 y27@0.70 y28@0.59 y29@0.55 y30@0.48;
           [F1 - F6@0];
           F1 - F6@1;
           y1 - y30@0.2;
         INT1 | F1 XWITH F2;
         INT2 | F1 XWITH F3;
         INT3 | F1 XWITH F4;
         INT4 | F1 XWITH F5;
         INT5 | F2 XWITH F3;
         INT6 | F2 XWITH F4;
         INT7 | F2 XWITH F5;
         INT8 | F3 XWITH F4;
         INT9 | F3 XWITH F5;
         INT10 | F4 XWITH F5;
         F6 ON F1 F2 F3 F4 F5 INT1 INT2 INT3 INT4 INT5 INT6 INT7 INT8 INT9 INT10;


  OUTPUT: SAMPSTAT;





INPUT READING TERMINATED NORMALLY



SEM With Multiple Two-Way Interaction

SUMMARY OF ANALYSIS

Number of groups                                                 1
Number of observations                                         500

Number of dependent variables                                   30
Number of independent variables                                  0
Number of continuous latent variables                           16

Observed dependent variables

  Continuous
   Y1          Y2          Y3          Y4          Y5          Y6
   Y7          Y8          Y9          Y10         Y11         Y12
   Y13         Y14         Y15         Y16         Y17         Y18
   Y19         Y20         Y21         Y22         Y23         Y24
   Y25         Y26         Y27         Y28         Y29         Y30

Continuous latent variables
   F1          F2          F3          F4          F5          F6
   INT1        INT2        INT3        INT4        INT5        INT6
   INT7        INT8        INT9        INT10


Estimator                                                      MLR
Information matrix                                        OBSERVED
Optimization Specifications for the Quasi-Newton Algorithm for
Continuous Outcomes
  Maximum number of iterations                                 100
  Convergence criterion                                  0.100D-05
Optimization Specifications for the EM Algorithm
  Maximum number of iterations                                 500
  Convergence criteria
    Loglikelihood change                                 0.100D-02
    Relative loglikelihood change                        0.100D-05
    Derivative                                           0.100D-02
Optimization Specifications for the M step of the EM Algorithm for
Categorical Latent variables
  Number of M step iterations                                    1
  M step convergence criterion                           0.100D-02
  Basis for M step termination                           ITERATION
Optimization Specifications for the M step of the EM Algorithm for
Censored, Binary or Ordered Categorical (Ordinal), Unordered
Categorical (Nominal) and Count Outcomes
  Number of M step iterations                                    1
  M step convergence criterion                           0.100D-02
  Basis for M step termination                           ITERATION
  Maximum value for logit thresholds                            15
  Minimum value for logit thresholds                           -15
  Minimum expected cell size for chi-square              0.100D-01
Optimization algorithm                                         EMA
Integration Specifications
  Type                                                    STANDARD
  Number of integration points                                  15
  Dimensions of numerical integration                            5
  Adaptive quadrature                                           ON
Cholesky                                                       OFF

Input data file(s)
  K:\Research Studies\MultiTwo-WayInter\Data\data_mulInt_mplus.dat
Input data format  FREE


SAMPLE STATISTICS


     SAMPLE STATISTICS


           Means
              Y1            Y2            Y3            Y4            Y5
              ________      ________      ________      ________      ________
 1             -0.054        -0.041        -0.022        -0.068        -0.071


           Means
              Y6            Y7            Y8            Y9            Y10
              ________      ________      ________      ________      ________
 1              0.010         0.001         0.078         0.005        -0.011


           Means
              Y11           Y12           Y13           Y14           Y15
              ________      ________      ________      ________      ________
 1              0.045         0.050         0.041         0.017         0.028


           Means
              Y16           Y17           Y18           Y19           Y20
              ________      ________      ________      ________      ________
 1             -0.010        -0.017         0.003         0.009        -0.014


           Means
              Y21           Y22           Y23           Y24           Y25
              ________      ________      ________      ________      ________
 1              0.079         0.055         0.025         0.058         0.105


           Means
              Y26           Y27           Y28           Y29           Y30
              ________      ________      ________      ________      ________
 1              0.977         1.106         0.900         0.855         0.733


           Covariances
              Y1            Y2            Y3            Y4            Y5
              ________      ________      ________      ________      ________
 Y1             1.050
 Y2             0.737         0.787
 Y3             0.688         0.596         0.685
 Y4             0.520         0.455         0.416         0.506
 Y5             0.476         0.390         0.366         0.251         0.582
 Y6             0.238         0.196         0.192         0.151         0.114
 Y7             0.264         0.220         0.220         0.175         0.140
 Y8             0.240         0.196         0.175         0.138         0.136
 Y9             0.187         0.145         0.153         0.116         0.085
 Y10            0.225         0.168         0.182         0.146         0.084
 Y11            0.332         0.285         0.269         0.208         0.186
 Y12            0.289         0.225         0.227         0.186         0.158
 Y13            0.200         0.196         0.171         0.130         0.142
 Y14            0.253         0.187         0.193         0.132         0.149
 Y15            0.228         0.176         0.178         0.139         0.114
 Y16            0.220         0.210         0.188         0.149         0.110
 Y17            0.206         0.182         0.154         0.118         0.110
 Y18            0.261         0.241         0.216         0.168         0.132
 Y19            0.178         0.162         0.148         0.123         0.068
 Y20            0.153         0.153         0.138         0.110         0.075
 Y21            0.217         0.171         0.180         0.141         0.098
 Y22            0.245         0.203         0.207         0.164         0.116
 Y23            0.206         0.170         0.167         0.126         0.086
 Y24            0.257         0.207         0.209         0.174         0.109
 Y25            0.256         0.221         0.200         0.176         0.118
 Y26            0.578         0.506         0.444         0.374         0.333
 Y27            0.623         0.511         0.477         0.372         0.371
 Y28            0.528         0.442         0.417         0.336         0.300
 Y29            0.477         0.412         0.370         0.296         0.246
 Y30            0.406         0.348         0.315         0.258         0.227


           Covariances
              Y6            Y7            Y8            Y9            Y10
              ________      ________      ________      ________      ________
 Y6             0.924
 Y7             0.748         0.946
 Y8             0.713         0.752         1.790
 Y9             0.557         0.544         0.504         0.667
 Y10            0.566         0.575         0.563         0.416         0.704
 Y11            0.428         0.406         0.405         0.299         0.358
 Y12            0.372         0.378         0.341         0.264         0.307
 Y13            0.296         0.310         0.308         0.199         0.236
 Y14            0.241         0.245         0.230         0.172         0.178
 Y15            0.298         0.286         0.268         0.202         0.223
 Y16            0.319         0.312         0.333         0.210         0.203
 Y17            0.258         0.276         0.263         0.185         0.151
 Y18            0.309         0.331         0.351         0.227         0.217
 Y19            0.225         0.241         0.214         0.143         0.143
 Y20            0.235         0.250         0.237         0.162         0.160
 Y21            0.228         0.246         0.239         0.159         0.156
 Y22            0.280         0.304         0.320         0.192         0.215
 Y23            0.246         0.254         0.275         0.170         0.174
 Y24            0.320         0.322         0.336         0.225         0.236
 Y25            0.304         0.331         0.318         0.218         0.234
 Y26            0.458         0.477         0.558         0.340         0.316
 Y27            0.486         0.520         0.620         0.350         0.359
 Y28            0.440         0.460         0.533         0.309         0.299
 Y29            0.367         0.385         0.421         0.275         0.265
 Y30            0.321         0.332         0.373         0.247         0.227


           Covariances
              Y11           Y12           Y13           Y14           Y15
              ________      ________      ________      ________      ________
 Y11            0.844
 Y12            0.612         0.779
 Y13            0.485         0.450         0.564
 Y14            0.402         0.388         0.298         0.477
 Y15            0.459         0.443         0.335         0.293         0.510
 Y16            0.279         0.269         0.208         0.164         0.206
 Y17            0.230         0.211         0.160         0.147         0.169
 Y18            0.303         0.277         0.204         0.162         0.213
 Y19            0.208         0.160         0.137         0.093         0.147
 Y20            0.199         0.186         0.138         0.121         0.129
 Y21            0.305         0.276         0.193         0.197         0.209
 Y22            0.364         0.308         0.216         0.215         0.230
 Y23            0.276         0.255         0.174         0.181         0.196
 Y24            0.379         0.330         0.228         0.226         0.263
 Y25            0.372         0.332         0.245         0.239         0.262
 Y26            0.454         0.352         0.304         0.286         0.313
 Y27            0.470         0.397         0.336         0.293         0.348
 Y28            0.396         0.347         0.285         0.256         0.300
 Y29            0.348         0.289         0.240         0.227         0.240
 Y30            0.315         0.257         0.222         0.195         0.229


           Covariances
              Y16           Y17           Y18           Y19           Y20
              ________      ________      ________      ________      ________
 Y16            0.777
 Y17            0.460         0.587
 Y18            0.547         0.438         0.724
 Y19            0.366         0.314         0.347         0.453
 Y20            0.420         0.323         0.387         0.249         0.476
 Y21            0.211         0.192         0.200         0.175         0.165
 Y22            0.226         0.199         0.223         0.190         0.173
 Y23            0.217         0.181         0.213         0.169         0.164
 Y24            0.279         0.232         0.253         0.215         0.215
 Y25            0.255         0.251         0.268         0.208         0.213
 Y26            0.409         0.318         0.444         0.258         0.368
 Y27            0.432         0.313         0.458         0.252         0.385
 Y28            0.395         0.314         0.418         0.230         0.365
 Y29            0.332         0.259         0.367         0.189         0.301
 Y30            0.286         0.234         0.325         0.171         0.270


           Covariances
              Y21           Y22           Y23           Y24           Y25
              ________      ________      ________      ________      ________
 Y21            0.659
 Y22            0.531         0.762
 Y23            0.445         0.501         0.627
 Y24            0.563         0.633         0.555         0.940
 Y25            0.564         0.639         0.517         0.700         0.890
 Y26            0.308         0.383         0.330         0.438         0.482
 Y27            0.299         0.364         0.306         0.398         0.455
 Y28            0.270         0.333         0.263         0.366         0.393
 Y29            0.252         0.315         0.263         0.339         0.388
 Y30            0.206         0.248         0.222         0.288         0.310


           Covariances
              Y26           Y27           Y28           Y29           Y30
              ________      ________      ________      ________      ________
 Y26            3.703
 Y27            3.773         4.292
 Y28            3.207         3.435         3.113
 Y29            3.017         3.229         2.748         2.778
 Y30            2.583         2.766         2.371         2.219         2.088


           Correlations
              Y1            Y2            Y3            Y4            Y5
              ________      ________      ________      ________      ________
 Y1             1.000
 Y2             0.811         1.000
 Y3             0.811         0.812         1.000
 Y4             0.713         0.721         0.707         1.000
 Y5             0.609         0.577         0.579         0.463         1.000
 Y6             0.242         0.230         0.241         0.220         0.155
 Y7             0.264         0.255         0.273         0.253         0.189
 Y8             0.175         0.165         0.158         0.145         0.134
 Y9             0.223         0.200         0.226         0.200         0.137
 Y10            0.262         0.225         0.262         0.245         0.131
 Y11            0.353         0.350         0.354         0.318         0.266
 Y12            0.319         0.287         0.310         0.296         0.235
 Y13            0.260         0.295         0.276         0.242         0.249
 Y14            0.357         0.305         0.337         0.270         0.283
 Y15            0.312         0.278         0.301         0.273         0.208
 Y16            0.243         0.269         0.257         0.238         0.163
 Y17            0.262         0.267         0.243         0.216         0.188
 Y18            0.299         0.319         0.307         0.277         0.203
 Y19            0.259         0.271         0.266         0.257         0.131
 Y20            0.217         0.249         0.242         0.224         0.142
 Y21            0.261         0.237         0.268         0.245         0.158
 Y22            0.274         0.262         0.287         0.264         0.174
 Y23            0.253         0.243         0.254         0.223         0.143
 Y24            0.259         0.241         0.260         0.252         0.147
 Y25            0.265         0.265         0.256         0.262         0.163
 Y26            0.293         0.296         0.278         0.273         0.227
 Y27            0.294         0.278         0.278         0.252         0.235
 Y28            0.292         0.282         0.285         0.268         0.223
 Y29            0.279         0.279         0.268         0.249         0.194
 Y30            0.274         0.271         0.263         0.251         0.206


           Correlations
              Y6            Y7            Y8            Y9            Y10
              ________      ________      ________      ________      ________
 Y6             1.000
 Y7             0.799         1.000
 Y8             0.555         0.578         1.000
 Y9             0.710         0.685         0.461         1.000
 Y10            0.702         0.704         0.501         0.607         1.000
 Y11            0.485         0.454         0.330         0.399         0.464
 Y12            0.439         0.440         0.288         0.366         0.415
 Y13            0.410         0.424         0.307         0.325         0.375
 Y14            0.363         0.364         0.249         0.305         0.307
 Y15            0.435         0.412         0.280         0.347         0.373
 Y16            0.377         0.364         0.282         0.292         0.275
 Y17            0.350         0.370         0.257         0.296         0.234
 Y18            0.378         0.400         0.309         0.327         0.304
 Y19            0.348         0.368         0.237         0.261         0.254
 Y20            0.355         0.373         0.257         0.287         0.277
 Y21            0.292         0.312         0.220         0.240         0.229
 Y22            0.333         0.358         0.274         0.269         0.293
 Y23            0.323         0.330         0.260         0.263         0.263
 Y24            0.344         0.342         0.259         0.284         0.290
 Y25            0.335         0.361         0.252         0.283         0.296
 Y26            0.247         0.255         0.217         0.217         0.196
 Y27            0.244         0.258         0.224         0.207         0.206
 Y28            0.259         0.268         0.226         0.215         0.202
 Y29            0.229         0.238         0.189         0.202         0.189
 Y30            0.231         0.236         0.193         0.209         0.187


           Correlations
              Y11           Y12           Y13           Y14           Y15
              ________      ________      ________      ________      ________
 Y11            1.000
 Y12            0.755         1.000
 Y13            0.703         0.679         1.000
 Y14            0.634         0.636         0.576         1.000
 Y15            0.700         0.703         0.625         0.594         1.000
 Y16            0.344         0.345         0.315         0.269         0.326
 Y17            0.327         0.312         0.278         0.277         0.308
 Y18            0.388         0.369         0.319         0.276         0.350
 Y19            0.336         0.270         0.271         0.201         0.306
 Y20            0.313         0.306         0.266         0.254         0.262
 Y21            0.409         0.385         0.317         0.351         0.360
 Y22            0.454         0.400         0.330         0.357         0.370
 Y23            0.380         0.365         0.293         0.332         0.346
 Y24            0.425         0.385         0.313         0.337         0.380
 Y25            0.429         0.399         0.346         0.367         0.389
 Y26            0.257         0.207         0.210         0.215         0.227
 Y27            0.247         0.217         0.216         0.205         0.235
 Y28            0.244         0.223         0.215         0.210         0.238
 Y29            0.227         0.197         0.191         0.197         0.202
 Y30            0.237         0.201         0.204         0.195         0.222


           Correlations
              Y16           Y17           Y18           Y19           Y20
              ________      ________      ________      ________      ________
 Y16            1.000
 Y17            0.682         1.000
 Y18            0.729         0.672         1.000
 Y19            0.618         0.609         0.605         1.000
 Y20            0.691         0.611         0.658         0.537         1.000
 Y21            0.295         0.309         0.290         0.321         0.294
 Y22            0.293         0.298         0.300         0.324         0.288
 Y23            0.311         0.298         0.316         0.317         0.301
 Y24            0.327         0.313         0.307         0.330         0.321
 Y25            0.307         0.347         0.334         0.328         0.327
 Y26            0.241         0.216         0.271         0.199         0.277
 Y27            0.236         0.197         0.260         0.181         0.270
 Y28            0.254         0.232         0.278         0.193         0.300
 Y29            0.226         0.203         0.259         0.169         0.262
 Y30            0.225         0.211         0.264         0.175         0.271


           Correlations
              Y21           Y22           Y23           Y24           Y25
              ________      ________      ________      ________      ________
 Y21            1.000
 Y22            0.749         1.000
 Y23            0.692         0.725         1.000
 Y24            0.715         0.748         0.723         1.000
 Y25            0.736         0.775         0.692         0.765         1.000
 Y26            0.197         0.228         0.216         0.235         0.266
 Y27            0.178         0.202         0.187         0.198         0.233
 Y28            0.189         0.216         0.188         0.214         0.236
 Y29            0.187         0.216         0.200         0.210         0.247
 Y30            0.175         0.197         0.194         0.205         0.227


           Correlations
              Y26           Y27           Y28           Y29           Y30
              ________      ________      ________      ________      ________
 Y26            1.000
 Y27            0.947         1.000
 Y28            0.945         0.940         1.000
 Y29            0.941         0.935         0.934         1.000
 Y30            0.929         0.924         0.930         0.921         1.000


THE MODEL ESTIMATION TERMINATED NORMALLY



MODEL FIT INFORMATION

Number of Free Parameters                       55

Loglikelihood

          H0 Value                      -13704.965
          H0 Scaling Correction Factor      0.8881
            for MLR

Information Criteria

          Akaike (AIC)                   27519.930
          Bayesian (BIC)                 27751.733
          Sample-Size Adjusted BIC       27577.160
            (n* = (n + 2) / 24)



MODEL RESULTS

                                                    Two-Tailed
                    Estimate       S.E.  Est./S.E.    P-Value

 F1       BY
    Y1                 0.910      0.000    999.000    999.000
    Y2                 0.760      0.000    999.000    999.000
    Y3                 0.720      0.000    999.000    999.000
    Y4                 0.530      0.000    999.000    999.000
    Y5                 0.480      0.000    999.000    999.000

 F2       BY
    Y6                 0.880      0.000    999.000    999.000
    Y7                 0.880      0.000    999.000    999.000
    Y8                 0.850      0.000    999.000    999.000
    Y9                 0.650      0.000    999.000    999.000
    Y10                0.640      0.000    999.000    999.000

 F3       BY
    Y11                0.790      0.000    999.000    999.000
    Y12                0.750      0.000    999.000    999.000
    Y13                0.580      0.000    999.000    999.000
    Y14                0.520      0.000    999.000    999.000
    Y15                0.570      0.000    999.000    999.000

 F4       BY
    Y16                0.750      0.000    999.000    999.000
    Y17                0.640      0.000    999.000    999.000
    Y18                0.720      0.000    999.000    999.000
    Y19                0.470      0.000    999.000    999.000
    Y20                0.500      0.000    999.000    999.000

 F5       BY
    Y21                0.700      0.000    999.000    999.000
    Y22                0.760      0.000    999.000    999.000
    Y23                0.680      0.000    999.000    999.000
    Y24                0.810      0.000    999.000    999.000
    Y25                0.830      0.000    999.000    999.000

 F6       BY
    Y26                0.650      0.000    999.000    999.000
    Y27                0.700      0.000    999.000    999.000
    Y28                0.590      0.000    999.000    999.000
    Y29                0.550      0.000    999.000    999.000
    Y30                0.480      0.000    999.000    999.000

 F6         ON
    F1                 0.310      0.055      5.638      0.000
    F2                 0.348      0.056      6.212      0.000
    F3                 0.204      0.059      3.483      0.000
    F4                 0.270      0.059      4.614      0.000
    F5                 0.276      0.059      4.631      0.000
    INT1               0.286      0.040      7.249      0.000
    INT2               0.321      0.045      7.065      0.000
    INT3               0.329      0.052      6.288      0.000
    INT4               0.361      0.041      8.797      0.000
    INT5               0.337      0.046      7.375      0.000
    INT6               0.293      0.042      6.960      0.000
    INT7               0.351      0.047      7.434      0.000
    INT8               0.335      0.054      6.242      0.000
    INT9               0.300      0.051      5.864      0.000
    INT10              0.366      0.049      7.434      0.000

 F2       WITH
    F1                 0.294      0.041      7.138      0.000

 F3       WITH
    F1                 0.423      0.036     11.807      0.000
    F2                 0.552      0.031     17.741      0.000

 F4       WITH
    F1                 0.354      0.039      9.150      0.000
    F2                 0.472      0.035     13.380      0.000
    F3                 0.464      0.034     13.576      0.000

 F5       WITH
    F1                 0.328      0.039      8.483      0.000
    F2                 0.414      0.038     10.981      0.000
    F3                 0.529      0.033     15.991      0.000
    F4                 0.441      0.039     11.419      0.000

 Means
    F1                 0.000      0.000    999.000    999.000
    F2                 0.000      0.000    999.000    999.000
    F3                 0.000      0.000    999.000    999.000
    F4                 0.000      0.000    999.000    999.000
    F5                 0.000      0.000    999.000    999.000

 Intercepts
    Y1                -0.051      0.045     -1.124      0.261
    Y2                -0.038      0.039     -0.968      0.333
    Y3                -0.019      0.036     -0.529      0.597
    Y4                -0.066      0.031     -2.093      0.036
    Y5                -0.069      0.034     -2.043      0.041
    Y6                 0.012      0.042      0.282      0.778
    Y7                 0.003      0.043      0.068      0.946
    Y8                 0.080      0.059      1.350      0.177
    Y9                 0.006      0.036      0.167      0.867
    Y10               -0.009      0.037     -0.256      0.798
    Y11                0.048      0.040      1.183      0.237
    Y12                0.052      0.039      1.347      0.178
    Y13                0.044      0.033      1.315      0.189
    Y14                0.019      0.030      0.623      0.533
    Y15                0.030      0.031      0.942      0.346
    Y16               -0.007      0.039     -0.178      0.858
    Y17               -0.015      0.034     -0.434      0.664
    Y18                0.006      0.038      0.159      0.874
    Y19                0.011      0.030      0.369      0.712
    Y20               -0.012      0.031     -0.399      0.690
    Y21                0.082      0.036      2.306      0.021
    Y22                0.058      0.038      1.508      0.131
    Y23                0.028      0.035      0.804      0.421
    Y24                0.061      0.043      1.436      0.151
    Y25                0.108      0.041      2.613      0.009
    Y26                0.029      0.042      0.692      0.489
    Y27                0.085      0.042      2.008      0.045
    Y28                0.039      0.039      1.002      0.316
    Y29                0.053      0.036      1.475      0.140
    Y30                0.033      0.033      1.005      0.315
    F6                 0.000      0.000    999.000    999.000

 Variances
    F1                 1.000      0.000    999.000    999.000
    F2                 1.000      0.000    999.000    999.000
    F3                 1.000      0.000    999.000    999.000
    F4                 1.000      0.000    999.000    999.000
    F5                 1.000      0.000    999.000    999.000

 Residual Variances
    Y1                 0.200      0.000    999.000    999.000
    Y2                 0.200      0.000    999.000    999.000
    Y3                 0.200      0.000    999.000    999.000
    Y4                 0.200      0.000    999.000    999.000
    Y5                 0.200      0.000    999.000    999.000
    Y6                 0.200      0.000    999.000    999.000
    Y7                 0.200      0.000    999.000    999.000
    Y8                 0.200      0.000    999.000    999.000
    Y9                 0.200      0.000    999.000    999.000
    Y10                0.200      0.000    999.000    999.000
    Y11                0.200      0.000    999.000    999.000
    Y12                0.200      0.000    999.000    999.000
    Y13                0.200      0.000    999.000    999.000
    Y14                0.200      0.000    999.000    999.000
    Y15                0.200      0.000    999.000    999.000
    Y16                0.200      0.000    999.000    999.000
    Y17                0.200      0.000    999.000    999.000
    Y18                0.200      0.000    999.000    999.000
    Y19                0.200      0.000    999.000    999.000
    Y20                0.200      0.000    999.000    999.000
    Y21                0.200      0.000    999.000    999.000
    Y22                0.200      0.000    999.000    999.000
    Y23                0.200      0.000    999.000    999.000
    Y24                0.200      0.000    999.000    999.000
    Y25                0.200      0.000    999.000    999.000
    Y26                0.200      0.000    999.000    999.000
    Y27                0.200      0.000    999.000    999.000
    Y28                0.200      0.000    999.000    999.000
    Y29                0.200      0.000    999.000    999.000
    Y30                0.200      0.000    999.000    999.000
    F6                 1.000      0.000    999.000    999.000


QUALITY OF NUMERICAL RESULTS

     Condition Number for the Information Matrix              0.507E-04
       (ratio of smallest to largest eigenvalue)


DIAGRAM INFORMATION

  Use View Diagram under the Diagram menu in the Mplus Editor to view the diagram.
  If running Mplus from the Mplus Diagrammer, the diagram opens automatically.

  Diagram output
    k:\research studies\multitwo-wayinter\mplus\model_mulint_int.dgm

     Beginning Time:  15:06:33
        Ending Time:  18:04:09
       Elapsed Time:  02:57:36



MUTHEN & MUTHEN
3463 Stoner Ave.
Los Angeles, CA  90066

Tel: (310) 391-9971
Fax: (310) 391-8971
Web: www.StatModel.com
Support: Support@StatModel.com

Copyright (c) 1998-2013 Muthen & Muthen
